<?xml version="1.0" encoding="utf-8"?><testsuites name="pytest tests"><testsuite name="pytest" errors="0" failures="0" skipped="0" tests="14" time="1.712" timestamp="2026-01-30T09:56:29.165311+00:00" hostname="agent-env-b5ccc940-6934-48d4-a4b2-2ba848294af4"><testcase classname="tests.test_pdf_generation.TestPDFGeneration" name="test_pdf_endpoint_returns_200" time="0.239" /><testcase classname="tests.test_pdf_generation.TestPDFGeneration" name="test_pdf_content_type" time="0.189" /><testcase classname="tests.test_pdf_generation.TestPDFGeneration" name="test_pdf_content_disposition" time="0.187" /><testcase classname="tests.test_pdf_generation.TestPDFGeneration" name="test_pdf_is_valid" time="0.192" /><testcase classname="tests.test_pdf_generation.TestPDFGeneration" name="test_pdf_has_reasonable_size" time="0.182" /><testcase classname="tests.test_pdf_generation.TestPDFGeneration" name="test_pdf_endpoint_requires_auth" time="0.125" /><testcase classname="tests.test_pdf_generation.TestPDFGeneration" name="test_pdf_endpoint_404_for_invalid_quote" time="0.101" /><testcase classname="tests.test_pdf_generation.TestQuoteDataForPDF" name="test_quote_has_required_fields_for_pdf" time="0.048" /><testcase classname="tests.test_pdf_generation.TestQuoteDataForPDF" name="test_quote_items_have_required_fields" time="0.048" /><testcase classname="tests.test_pdf_generation.TestQuoteDataForPDF" name="test_quote_totals_are_calculated" time="0.082" /><testcase classname="tests.test_pdf_generation.TestCompanySettingsForPDF" name="test_company_settings_exist" time="0.046" /><testcase classname="tests.test_pdf_generation.TestCompanySettingsForPDF" name="test_company_has_logo" time="0.085" /><testcase classname="tests.test_pdf_generation.TestCompanySettingsForPDF" name="test_company_has_quote_cover_image" time="0.091" /><testcase classname="tests.test_pdf_generation.TestCompanySettingsForPDF" name="test_company_has_contact_info" time="0.047" /></testsuite></testsuites>