<?xml version="1.0" encoding="utf-8"?><testsuites name="pytest tests"><testsuite name="pytest" errors="0" failures="0" skipped="0" tests="14" time="0.717" timestamp="2026-02-10T09:53:19.511761+00:00" hostname="agent-env-81078dfe-fb94-41f5-9c45-9ab9801f1810"><testcase classname="backend.tests.test_sales_permissions.TestSalesPermissions" name="test_admin_has_all_permission" time="0.063" /><testcase classname="backend.tests.test_sales_permissions.TestSalesPermissions" name="test_admin_can_access_sales_endpoint" time="0.076" /><testcase classname="backend.tests.test_sales_permissions.TestSalesPermissions" name="test_admin_can_access_sales_stats_endpoint" time="0.035" /><testcase classname="backend.tests.test_sales_permissions.TestSalesPermissions" name="test_sales_personnel_has_sales_view_permission" time="0.039" /><testcase classname="backend.tests.test_sales_permissions.TestSalesPermissions" name="test_sales_personnel_has_sales_manage_permission" time="0.000" /><testcase classname="backend.tests.test_sales_permissions.TestSalesPermissions" name="test_sales_personnel_does_not_have_profit_view" time="0.000" /><testcase classname="backend.tests.test_sales_permissions.TestSalesPermissions" name="test_sales_personnel_can_access_sales_endpoint" time="0.075" /><testcase classname="backend.tests.test_sales_permissions.TestSalesPermissions" name="test_sales_personnel_can_access_sales_stats_endpoint" time="0.034" /><testcase classname="backend.tests.test_sales_permissions.TestSalesPermissions" name="test_sales_personnel_can_access_customers" time="0.037" /><testcase classname="backend.tests.test_sales_permissions.TestSalesPermissions" name="test_sales_personnel_can_access_products" time="0.054" /><testcase classname="backend.tests.test_sales_permissions.TestSalesPermissions" name="test_sales_personnel_can_access_packages" time="0.042" /><testcase classname="backend.tests.test_sales_permissions.TestDashboardAndFinanceAccess" name="test_admin_can_access_dashboard_stats" time="0.123" /><testcase classname="backend.tests.test_sales_permissions.TestDashboardAndFinanceAccess" name="test_admin_can_access_annual_finance" time="0.043" /><testcase classname="backend.tests.test_sales_permissions.TestDashboardAndFinanceAccess" name="test_admin_can_access_accounting_summary" time="0.043" /></testsuite></testsuites>