<?xml version="1.0" encoding="utf-8"?><testsuites name="pytest tests"><testsuite name="pytest" errors="0" failures="0" skipped="0" tests="23" time="1.887" timestamp="2026-01-28T18:43:18.863528+00:00" hostname="agent-env-89d1f2ef-5db7-4b9b-881c-3f223a903c67"><testcase classname="backend.tests.test_solar_crm.TestAuth" name="test_login_success" time="0.074" /><testcase classname="backend.tests.test_solar_crm.TestAuth" name="test_login_invalid_credentials" time="0.036" /><testcase classname="backend.tests.test_solar_crm.TestAuth" name="test_get_current_user" time="0.087" /><testcase classname="backend.tests.test_solar_crm.TestDashboard" name="test_dashboard_stats" time="0.040" /><testcase classname="backend.tests.test_solar_crm.TestRoles" name="test_get_permissions" time="0.039" /><testcase classname="backend.tests.test_solar_crm.TestRoles" name="test_get_roles" time="0.042" /><testcase classname="backend.tests.test_solar_crm.TestRoles" name="test_create_role_with_permissions" time="0.088" /><testcase classname="backend.tests.test_solar_crm.TestCategories" name="test_get_categories" time="0.043" /><testcase classname="backend.tests.test_solar_crm.TestCategories" name="test_create_category_with_profit_margin" time="0.157" /><testcase classname="backend.tests.test_solar_crm.TestProducts" name="test_get_products" time="0.040" /><testcase classname="backend.tests.test_solar_crm.TestProducts" name="test_create_product_with_pricing" time="0.179" /><testcase classname="backend.tests.test_solar_crm.TestCustomers" name="test_get_customers" time="0.036" /><testcase classname="backend.tests.test_solar_crm.TestCustomers" name="test_create_individual_customer" time="0.160" /><testcase classname="backend.tests.test_solar_crm.TestCustomers" name="test_create_corporate_customer" time="0.078" /><testcase classname="backend.tests.test_solar_crm.TestCustomerSettings" name="test_get_customer_categories" time="0.036" /><testcase classname="backend.tests.test_solar_crm.TestCustomerSettings" name="test_get_customer_sources" time="0.035" /><testcase classname="backend.tests.test_solar_crm.TestCustomerSettings" name="test_create_customer_category" time="0.075" /><testcase classname="backend.tests.test_solar_crm.TestCustomerSettings" name="test_create_customer_source" time="0.077" /><testcase classname="backend.tests.test_solar_crm.TestDealerGroups" name="test_get_dealer_groups" time="0.036" /><testcase classname="backend.tests.test_solar_crm.TestDealerGroups" name="test_create_dealer_group_with_discount" time="0.128" /><testcase classname="backend.tests.test_solar_crm.TestDealers" name="test_get_dealers" time="0.039" /><testcase classname="backend.tests.test_solar_crm.TestDealers" name="test_create_dealer_without_user" time="0.082" /><testcase classname="backend.tests.test_solar_crm.TestDealers" name="test_create_dealer_with_user_account" time="0.146" /></testsuite></testsuites>