<?xml version="1.0" encoding="utf-8"?><testsuites name="pytest tests"><testsuite name="pytest" errors="0" failures="2" skipped="0" tests="18" time="2.211" timestamp="2026-01-31T14:44:55.832490+00:00" hostname="agent-env-96282455-5478-42d3-8fea-e3b3351c4b97"><testcase classname="backend.tests.test_sales_features.TestCardProviders" name="test_get_card_providers" time="0.151" /><testcase classname="backend.tests.test_sales_features.TestCardProviders" name="test_create_card_provider" time="0.152" /><testcase classname="backend.tests.test_sales_features.TestCardProviders" name="test_delete_card_provider" time="0.129" /><testcase classname="backend.tests.test_sales_features.TestBankAccounts" name="test_get_bank_accounts" time="0.036" /><testcase classname="backend.tests.test_sales_features.TestBankAccounts" name="test_create_bank_account_tl" time="0.083"><failure message="KeyError: 'id'">backend/tests/test_sales_features.py:126: in test_create_bank_account_tl
    found = any(a["id"] == data["id"] for a in accounts)
            ^^^^^^^^^^^^^^^^^^^^^^^^^^^^^^^^^^^^^^^^^^^^
backend/tests/test_sales_features.py:126: in &lt;genexpr&gt;
    found = any(a["id"] == data["id"] for a in accounts)
                ^^^^^^^
E   KeyError: 'id'</failure></testcase><testcase classname="backend.tests.test_sales_features.TestBankAccounts" name="test_create_bank_account_usd" time="0.082" /><testcase classname="backend.tests.test_sales_features.TestBankAccounts" name="test_delete_bank_account" time="0.115"><failure message="KeyError: 'id'">backend/tests/test_sales_features.py:172: in test_delete_bank_account
    found = any(a["id"] == account_id for a in accounts)
            ^^^^^^^^^^^^^^^^^^^^^^^^^^^^^^^^^^^^^^^^^^^^
backend/tests/test_sales_features.py:172: in &lt;genexpr&gt;
    found = any(a["id"] == account_id for a in accounts)
                ^^^^^^^
E   KeyError: 'id'</failure></testcase><testcase classname="backend.tests.test_sales_features.TestQuickCustomerCreate" name="test_quick_create_customer_minimal" time="0.167" /><testcase classname="backend.tests.test_sales_features.TestQuickCustomerCreate" name="test_quick_create_customer_full" time="0.078" /><testcase classname="backend.tests.test_sales_features.TestSalesWithItems" name="test_get_sales" time="0.047" /><testcase classname="backend.tests.test_sales_features.TestSalesWithItems" name="test_get_products_for_sale" time="0.038" /><testcase classname="backend.tests.test_sales_features.TestSalesWithItems" name="test_get_packages_for_sale" time="0.042" /><testcase classname="backend.tests.test_sales_features.TestSalesWithItems" name="test_create_sale_with_card_payment" time="0.211" /><testcase classname="backend.tests.test_sales_features.TestSalesWithItems" name="test_create_sale_with_bank_transfer" time="0.192" /><testcase classname="backend.tests.test_sales_features.TestSalesWithItems" name="test_create_sale_with_usd_transfer" time="0.157" /><testcase classname="backend.tests.test_sales_features.TestSalesWithItems" name="test_create_sale_with_items" time="0.164" /><testcase classname="backend.tests.test_sales_features.TestSalesWithItems" name="test_create_sale_with_mixed_payments" time="0.076" /><testcase classname="backend.tests.test_sales_features.TestSalesStats" name="test_get_sales_stats" time="0.039" /></testsuite></testsuites>