<?xml version="1.0" encoding="utf-8"?><testsuites name="pytest tests"><testsuite name="pytest" errors="0" failures="0" skipped="0" tests="12" time="0.867" timestamp="2026-02-04T16:29:39.675208+00:00" hostname="agent-env-0a65d4e8-77b1-4589-85c2-ea1071c26275"><testcase classname="backend.tests.test_new_features.TestAuth" name="test_login_success" time="0.061" /><testcase classname="backend.tests.test_new_features.TestPermissions" name="test_get_permissions_returns_44" time="0.078" /><testcase classname="backend.tests.test_new_features.TestDashboardStats" name="test_dashboard_stats_monthly_fields" time="0.084" /><testcase classname="backend.tests.test_new_features.TestDashboardStats" name="test_dashboard_stats_stock_value" time="0.045" /><testcase classname="backend.tests.test_new_features.TestAnnualFinanceStats" name="test_annual_finance_stats_fields" time="0.085" /><testcase classname="backend.tests.test_new_features.TestAnnualFinanceStats" name="test_annual_finance_profit_margin" time="0.039" /><testcase classname="backend.tests.test_new_features.TestRoles" name="test_get_roles" time="0.066" /><testcase classname="backend.tests.test_new_features.TestEmployees" name="test_get_employees" time="0.076" /><testcase classname="backend.tests.test_new_features.TestAttendance" name="test_get_attendance" time="0.071" /><testcase classname="backend.tests.test_new_features.TestAccountingExpenses" name="test_get_expenses" time="0.072" /><testcase classname="backend.tests.test_new_features.TestAccountingExpenses" name="test_get_expense_categories" time="0.040" /><testcase classname="backend.tests.test_new_features.TestSalaries" name="test_get_salaries" time="0.076" /></testsuite></testsuites>