<?xml version="1.0" encoding="utf-8"?><testsuites name="pytest tests"><testsuite name="pytest" errors="0" failures="1" skipped="0" tests="12" time="1.050" timestamp="2026-02-04T16:27:06.220814+00:00" hostname="agent-env-0a65d4e8-77b1-4589-85c2-ea1071c26275"><testcase classname="backend.tests.test_new_features.TestAuth" name="test_login_success" time="0.084" /><testcase classname="backend.tests.test_new_features.TestPermissions" name="test_get_permissions_returns_44" time="0.085" /><testcase classname="backend.tests.test_new_features.TestDashboardStats" name="test_dashboard_stats_monthly_fields" time="0.092" /><testcase classname="backend.tests.test_new_features.TestDashboardStats" name="test_dashboard_stats_stock_value" time="0.051" /><testcase classname="backend.tests.test_new_features.TestAnnualFinanceStats" name="test_annual_finance_stats_fields" time="0.080" /><testcase classname="backend.tests.test_new_features.TestAnnualFinanceStats" name="test_annual_finance_profit_margin" time="0.056" /><testcase classname="backend.tests.test_new_features.TestRoles" name="test_get_roles" time="0.069"><failure message="AssertionError: Admin role should exist&#10;assert False&#10; +  where False = any(&lt;generator object TestRoles.test_get_roles.&lt;locals&gt;.&lt;genexpr&gt; at 0xfa84db70d2a0&gt;)">backend/tests/test_new_features.py:210: in test_get_roles
    assert any("admin" in name.lower() for name in role_names), "Admin role should exist"
E   AssertionError: Admin role should exist
E   assert False
E    +  where False = any(&lt;generator object TestRoles.test_get_roles.&lt;locals&gt;.&lt;genexpr&gt; at 0xfa84db70d2a0&gt;)</failure></testcase><testcase classname="backend.tests.test_new_features.TestEmployees" name="test_get_employees" time="0.082" /><testcase classname="backend.tests.test_new_features.TestAttendance" name="test_get_attendance" time="0.083" /><testcase classname="backend.tests.test_new_features.TestAccountingExpenses" name="test_get_expenses" time="0.082" /><testcase classname="backend.tests.test_new_features.TestAccountingExpenses" name="test_get_expense_categories" time="0.038" /><testcase classname="backend.tests.test_new_features.TestSalaries" name="test_get_salaries" time="0.086" /></testsuite></testsuites>