<?xml version="1.0" encoding="utf-8"?><testsuites name="pytest tests"><testsuite name="pytest" errors="0" failures="0" skipped="0" tests="15" time="4.098" timestamp="2026-02-03T09:26:28.347023+00:00" hostname="agent-env-bbf48372-3ba5-4827-a6dd-aa43c8c45b29"><testcase classname="backend.tests.test_xml_suppliers.TestXMLSuppliersAuth" name="test_unauthorized_access_blocked" time="0.112" /><testcase classname="backend.tests.test_xml_suppliers.TestXMLSuppliersCRUD" name="test_get_suppliers_list" time="0.094" /><testcase classname="backend.tests.test_xml_suppliers.TestXMLSuppliersCRUD" name="test_create_supplier" time="0.086" /><testcase classname="backend.tests.test_xml_suppliers.TestXMLSuppliersCRUD" name="test_get_single_supplier" time="0.088" /><testcase classname="backend.tests.test_xml_suppliers.TestXMLSuppliersCRUD" name="test_update_supplier" time="0.081" /><testcase classname="backend.tests.test_xml_suppliers.TestXMLSuppliersCRUD" name="test_delete_supplier" time="0.120" /><testcase classname="backend.tests.test_xml_suppliers.TestXMLSuppliersCRUD" name="test_delete_nonexistent_supplier" time="0.080" /><testcase classname="backend.tests.test_xml_suppliers.TestXMLCategoryOperations" name="test_fetch_xml_categories" time="0.886" /><testcase classname="backend.tests.test_xml_suppliers.TestXMLCategoryOperations" name="test_fetch_categories_no_url" time="0.114" /><testcase classname="backend.tests.test_xml_suppliers.TestXMLCategoryOperations" name="test_save_category_mappings" time="0.177" /><testcase classname="backend.tests.test_xml_suppliers.TestXMLPreviewAndImport" name="test_preview_import" time="0.889" /><testcase classname="backend.tests.test_xml_suppliers.TestXMLPreviewAndImport" name="test_preview_nonexistent_supplier" time="0.041" /><testcase classname="backend.tests.test_xml_suppliers.TestXMLPreviewAndImport" name="test_import_products" time="0.898" /><testcase classname="backend.tests.test_xml_suppliers.TestProductCodeField" name="test_products_have_product_code_field" time="0.090" /><testcase classname="backend.tests.test_xml_suppliers.TestProductCodeField" name="test_create_product_with_code" time="0.120" /></testsuite></testsuites>