<?xml version="1.0" encoding="utf-8"?><testsuites name="pytest tests"><testsuite name="pytest" errors="0" failures="0" skipped="0" tests="10" time="1.190" timestamp="2026-01-31T22:39:41.724791+00:00" hostname="agent-env-6bb32f05-e401-44db-8c9c-e1d56db93420"><testcase classname="backend.tests.test_pdf_templates.TestQuoteTemplates" name="test_get_quote_templates" time="0.123" /><testcase classname="backend.tests.test_pdf_templates.TestQuoteTemplates" name="test_get_single_quote_template" time="0.044" /><testcase classname="backend.tests.test_pdf_templates.TestQuoteTemplates" name="test_get_invalid_template" time="0.036" /><testcase classname="backend.tests.test_pdf_templates.TestQuoteTemplates" name="test_upload_cover_image" time="0.057" /><testcase classname="backend.tests.test_pdf_templates.TestQuoteTemplates" name="test_delete_cover_image" time="0.117" /><testcase classname="backend.tests.test_pdf_templates.TestPDFGeneration" name="test_generate_pdf_for_quote" time="0.500" /><testcase classname="backend.tests.test_pdf_templates.TestPDFGeneration" name="test_generate_pdf_invalid_quote" time="0.037" /><testcase classname="backend.tests.test_pdf_templates.TestPDFGeneration" name="test_pdf_without_auth" time="0.051" /><testcase classname="backend.tests.test_pdf_templates.TestQuoteTemplateIntegration" name="test_on_grid_template_exists" time="0.120" /><testcase classname="backend.tests.test_pdf_templates.TestQuoteTemplateIntegration" name="test_all_template_categories" time="0.040" /></testsuite></testsuites>