<?xml version="1.0" encoding="utf-8"?><testsuites name="pytest tests"><testsuite name="pytest" errors="0" failures="0" skipped="0" tests="7" time="2.214" timestamp="2026-02-03T07:42:41.727926+00:00" hostname="agent-env-bbf48372-3ba5-4827-a6dd-aa43c8c45b29"><testcase classname="backend.tests.test_xml_import.TestXMLImportFeature" name="test_01_get_xml_import_settings" time="0.099" /><testcase classname="backend.tests.test_xml_import.TestXMLImportFeature" name="test_02_update_xml_import_settings" time="0.094" /><testcase classname="backend.tests.test_xml_import.TestXMLImportFeature" name="test_03_xml_import_preview" time="0.808" /><testcase classname="backend.tests.test_xml_import.TestXMLImportFeature" name="test_04_xml_import_execute" time="0.778" /><testcase classname="backend.tests.test_xml_import.TestXMLImportFeature" name="test_05_verify_xml_imported_products" time="0.069" /><testcase classname="backend.tests.test_xml_import.TestXMLImportFeature" name="test_06_verify_last_sync_updated" time="0.051" /><testcase classname="backend.tests.test_xml_import.TestXMLImportEdgeCases" name="test_unauthorized_access" time="0.137" /></testsuite></testsuites>