<?xml version="1.0" encoding="utf-8"?><testsuites name="pytest tests"><testsuite name="pytest" errors="0" failures="0" skipped="0" tests="19" time="1.360" timestamp="2026-02-09T13:53:23.628861+00:00" hostname="agent-env-a87d26fc-8d78-4ff2-9666-baa00137baa1"><testcase classname="backend.tests.test_accounting_finance_reports.TestAccountingFinanceReports" name="test_accounting_summary_endpoint_returns_200" time="0.128" /><testcase classname="backend.tests.test_accounting_finance_reports.TestAccountingFinanceReports" name="test_accounting_summary_has_net_profit_field" time="0.056" /><testcase classname="backend.tests.test_accounting_finance_reports.TestAccountingFinanceReports" name="test_net_profit_calculation_formula" time="0.086" /><testcase classname="backend.tests.test_accounting_finance_reports.TestAccountingFinanceReports" name="test_accounting_summary_has_budget_status" time="0.046" /><testcase classname="backend.tests.test_accounting_finance_reports.TestAccountingFinanceReports" name="test_budget_remaining_calculation" time="0.056" /><testcase classname="backend.tests.test_accounting_finance_reports.TestAccountingFinanceReports" name="test_accounting_summary_has_expense_breakdown" time="0.046" /><testcase classname="backend.tests.test_accounting_finance_reports.TestAccountingFinanceReports" name="test_annual_finance_endpoint_returns_200" time="0.051" /><testcase classname="backend.tests.test_accounting_finance_reports.TestAccountingFinanceReports" name="test_annual_finance_has_gross_profit_margin" time="0.091" /><testcase classname="backend.tests.test_accounting_finance_reports.TestAccountingFinanceReports" name="test_annual_finance_has_net_profit" time="0.047" /><testcase classname="backend.tests.test_accounting_finance_reports.TestAccountingFinanceReports" name="test_annual_finance_has_expense_distribution" time="0.069" /><testcase classname="backend.tests.test_accounting_finance_reports.TestAccountingFinanceReports" name="test_annual_net_profit_calculation" time="0.051" /><testcase classname="backend.tests.test_accounting_finance_reports.TestAccountingFinanceReports" name="test_quote_analysis_endpoint_returns_200" time="0.084" /><testcase classname="backend.tests.test_accounting_finance_reports.TestAccountingFinanceReports" name="test_quote_analysis_has_summary" time="0.084" /><testcase classname="backend.tests.test_accounting_finance_reports.TestAccountingFinanceReports" name="test_quote_analysis_has_by_user" time="0.045" /><testcase classname="backend.tests.test_accounting_finance_reports.TestAccountingFinanceReports" name="test_quote_analysis_has_by_potential" time="0.050" /><testcase classname="backend.tests.test_accounting_finance_reports.TestAccountingFinanceReports" name="test_quote_analysis_has_by_city" time="0.045" /><testcase classname="backend.tests.test_accounting_finance_reports.TestAccountingFinanceReports" name="test_expense_update_endpoint_exists" time="0.056" /><testcase classname="backend.tests.test_accounting_finance_reports.TestAccountingFinanceReports" name="test_expense_update_returns_updated_data" time="0.105" /><testcase classname="backend.tests.test_accounting_finance_reports.TestAccountingFinanceReports" name="test_expense_update_invalid_id_returns_404" time="0.044" /></testsuite></testsuites>